2026-04-07 12:24:48  [Backend]  INFO:     Will watch for changes in these directories: ['E:\\opencodeProject\\novel-control-world\\narrative_os']
2026-04-07 12:24:48  [Backend]  INFO:     Uvicorn running on http://127.0.0.1:8000 (Press CTRL+C to quit)
2026-04-07 12:24:48  [Backend]  INFO:     Started reloader process [7668] using WatchFiles
2026-04-07 12:24:49  [Backend]  Process SpawnProcess-1:
2026-04-07 12:24:49  [Backend]  Traceback (most recent call last):
2026-04-07 12:24:49  [Backend]    File "C:\Users\qwert147\AppData\Local\Programs\Python\Python311\Lib\multiprocessing\process.py", line 314, in _bootstrap
2026-04-07 12:24:49  [Backend]      self.run()
2026-04-07 12:24:49  [Backend]    File "C:\Users\qwert147\AppData\Local\Programs\Python\Python311\Lib\multiprocessing\process.py", line 108, in run
2026-04-07 12:24:49  [Backend]      self._target(*self._args, **self._kwargs)
2026-04-07 12:24:49  [Backend]    File "C:\Users\qwert147\AppData\Local\Programs\Python\Python311\Lib\site-packages\uvicorn\_subprocess.py", line 80, in subprocess_started
2026-04-07 12:24:49  [Backend]      target(sockets=sockets)
2026-04-07 12:24:49  [Backend]    File "C:\Users\qwert147\AppData\Local\Programs\Python\Python311\Lib\site-packages\uvicorn\server.py", line 67, in run
2026-04-07 12:24:49  [Backend]      return asyncio_run(self.serve(sockets=sockets), loop_factory=self.config.get_loop_factory())
2026-04-07 12:24:49  [Backend]             ^^^^^^^^^^^^^^^^^^^^^^^^^^^^^^^^^^^^^^^^^^^^^^^^^^^^^^^^^^^^^^^^^^^^^^^^^^^^^^^^^^^^^
2026-04-07 12:24:49  [Backend]    File "C:\Users\qwert147\AppData\Local\Programs\Python\Python311\Lib\site-packages\uvicorn\_compat.py", line 30, in asyncio_run
2026-04-07 12:24:49  [Backend]      return runner.run(main)
2026-04-07 12:24:49  [Backend]             ^^^^^^^^^^^^^^^^
2026-04-07 12:24:49  [Backend]    File "C:\Users\qwert147\AppData\Local\Programs\Python\Python311\Lib\asyncio\runners.py", line 118, in run
2026-04-07 12:24:49  [Backend]      return self._loop.run_until_complete(task)
2026-04-07 12:24:49  [Backend]             ^^^^^^^^^^^^^^^^^^^^^^^^^^^^^^^^^^^
2026-04-07 12:24:49  [Backend]    File "C:\Users\qwert147\AppData\Local\Programs\Python\Python311\Lib\asyncio\base_events.py", line 654, in run_until_complete
2026-04-07 12:24:49  [Backend]      return future.result()
2026-04-07 12:24:49  [Backend]             ^^^^^^^^^^^^^^^
2026-04-07 12:24:49  [Backend]    File "C:\Users\qwert147\AppData\Local\Programs\Python\Python311\Lib\site-packages\uvicorn\server.py", line 71, in serve
2026-04-07 12:24:49  [Backend]      await self._serve(sockets)
2026-04-07 12:24:49  [Backend]    File "C:\Users\qwert147\AppData\Local\Programs\Python\Python311\Lib\site-packages\uvicorn\server.py", line 78, in _serve
2026-04-07 12:24:49  [Backend]      config.load()
2026-04-07 12:24:49  [Backend]    File "C:\Users\qwert147\AppData\Local\Programs\Python\Python311\Lib\site-packages\uvicorn\config.py", line 439, in load
2026-04-07 12:24:49  [Backend]      self.loaded_app = import_from_string(self.app)
2026-04-07 12:24:49  [Backend]                        ^^^^^^^^^^^^^^^^^^^^^^^^^^^^
2026-04-07 12:24:49  [Backend]    File "C:\Users\qwert147\AppData\Local\Programs\Python\Python311\Lib\site-packages\uvicorn\importer.py", line 22, in import_from_string
2026-04-07 12:24:49  [Backend]      raise exc from None
2026-04-07 12:24:49  [Backend]    File "C:\Users\qwert147\AppData\Local\Programs\Python\Python311\Lib\site-packages\uvicorn\importer.py", line 19, in import_from_string
2026-04-07 12:24:49  [Backend]      module = importlib.import_module(module_str)
2026-04-07 12:24:49  [Backend]               ^^^^^^^^^^^^^^^^^^^^^^^^^^^^^^^^^^^
2026-04-07 12:24:49  [Backend]    File "C:\Users\qwert147\AppData\Local\Programs\Python\Python311\Lib\importlib\__init__.py", line 126, in import_module
2026-04-07 12:24:49  [Backend]      return _bootstrap._gcd_import(name[level:], package, level)
2026-04-07 12:24:49  [Backend]             ^^^^^^^^^^^^^^^^^^^^^^^^^^^^^^^^^^^^^^^^^^^^^^^^^^^^
2026-04-07 12:24:49  [Backend]    File "<frozen importlib._bootstrap>", line 1204, in _gcd_import
2026-04-07 12:24:49  [Backend]    File "<frozen importlib._bootstrap>", line 1176, in _find_and_load
2026-04-07 12:24:49  [Backend]    File "<frozen importlib._bootstrap>", line 1147, in _find_and_load_unlocked
2026-04-07 12:24:49  [Backend]    File "<frozen importlib._bootstrap>", line 690, in _load_unlocked
2026-04-07 12:24:49  [Backend]    File "<frozen importlib._bootstrap_external>", line 940, in exec_module
2026-04-07 12:24:49  [Backend]    File "<frozen importlib._bootstrap>", line 241, in _call_with_frames_removed
2026-04-07 12:24:49  [Backend]    File "E:\opencodeProject\novel-control-world\narrative_os\narrative_os\interface\api.py", line 32, in <module>
2026-04-07 12:24:49  [Backend]      from narrative_os.infra.database import init_db, AsyncSessionLocal, fire_and_forget
2026-04-07 12:24:49  [Backend]    File "E:\opencodeProject\novel-control-world\narrative_os\narrative_os\infra\database.py", line 36, in <module>
2026-04-07 12:24:49  [Backend]      engine = create_async_engine(
2026-04-07 12:24:49  [Backend]               ^^^^^^^^^^^^^^^^^^^^
2026-04-07 12:24:49  [Backend]    File "C:\Users\qwert147\AppData\Local\Programs\Python\Python311\Lib\site-packages\sqlalchemy\ext\asyncio\engine.py", line 120, in create_async_engine
2026-04-07 12:24:49  [Backend]      sync_engine = _create_engine(url, **kw)
2026-04-07 12:24:49  [Backend]                    ^^^^^^^^^^^^^^^^^^^^^^^^^
2026-04-07 12:24:49  [Backend]    File "<string>", line 2, in create_engine
2026-04-07 12:24:49  [Backend]    File "C:\Users\qwert147\AppData\Local\Programs\Python\Python311\Lib\site-packages\sqlalchemy\util\deprecations.py", line 281, in warned
2026-04-07 12:24:49  [Backend]      return fn(*args, **kwargs)  # type: ignore[no-any-return]
2026-04-07 12:24:49  [Backend]             ^^^^^^^^^^^^^^^^^^^
2026-04-07 12:24:49  [Backend]    File "C:\Users\qwert147\AppData\Local\Programs\Python\Python311\Lib\site-packages\sqlalchemy\engine\create.py", line 617, in create_engine
2026-04-07 12:24:49  [Backend]      dbapi = dbapi_meth(**dbapi_args)
2026-04-07 12:24:49  [Backend]              ^^^^^^^^^^^^^^^^^^^^^^^^
2026-04-07 12:24:49  [Backend]    File "C:\Users\qwert147\AppData\Local\Programs\Python\Python311\Lib\site-packages\sqlalchemy\dialects\sqlite\aiosqlite.py", line 416, in import_dbapi
2026-04-07 12:24:49  [Backend]      __import__("aiosqlite"), __import__("sqlite3")
2026-04-07 12:24:49  [Backend]      ^^^^^^^^^^^^^^^^^^^^^^^
2026-04-07 12:24:49  [Backend]  ModuleNotFoundError: No module named 'aiosqlite'
