2026-04-07 22:14:09  [Frontend]  
2026-04-07 22:14:09  [Frontend]  > frontend@0.0.0 dev E:\opencodeProject\novel-control-world\narrative_os\frontend
2026-04-07 22:14:09  [Frontend]  > vite "--port" "5173"
2026-04-07 22:14:09  [Frontend]  
2026-04-07 22:14:10  [Frontend]  
2026-04-07 22:14:10  [Frontend]    [32m[1mVITE[22m v8.0.3[39m  [2mready in [0m[1m885[22m[2m[0m ms[22m
2026-04-07 22:14:10  [Frontend]  
2026-04-07 22:14:10  [Frontend]    [32m➜[39m  [1mLocal[22m:   [36mhttp://localhost:[1m5173[22m/[39m
2026-04-07 22:14:10  [Frontend]  [2m  [32m➜[39m  [1mNetwork[22m[2m: use [22m[1m--host[22m[2m to expose[22m
2026-04-07 22:14:10  [Frontend]  [2m[32m  ➜[39m[22m[2m  press [22m[1mh + enter[22m[2m to show help[22m
2026-04-07 22:15:02  [Frontend]  [2m22:15:02[22m [31m[1m[vite][22m[39m [31mInternal server error: Transform failed with 1 error:
2026-04-07 22:15:02  [Frontend]  
2026-04-07 22:15:02  [Frontend]  [31m[PARSE_ERROR] Error:[0m Unexpected token
2026-04-07 22:15:02  [Frontend]      [38;5;246m╭[0m[38;5;246m─[0m[38;5;246m[[0m src/router/index.ts:40:5 [38;5;246m][0m
2026-04-07 22:15:02  [Frontend]      [38;5;246m│[0m
2026-04-07 22:15:02  [Frontend]   [38;5;246m40 │[0m [38;5;249m [0m[38;5;249m [0m[38;5;249m [0m[38;5;249m [0m{
2026-04-07 22:15:02  [Frontend]   [38;5;240m   │[0m     ┬
2026-04-07 22:15:02  [Frontend]   [38;5;240m   │[0m     ╰──
2026-04-07 22:15:02  [Frontend]  [38;5;246m────╯[0m
2026-04-07 22:15:02  [Frontend]  [39m
2026-04-07 22:15:02  [Frontend]    Plugin: [35mvite:oxc[39m
2026-04-07 22:15:02  [Frontend]    File: [36mE:/opencodeProject/novel-control-world/narrative_os/frontend/src/router/index.ts[39m
2026-04-07 22:15:02  [Frontend]        at transformWithOxc (file:///E:/opencodeProject/novel-control-world/narrative_os/frontend/node_modules/.pnpm/vite@8.0.3_@emnapi+core@1.9_a45b345f0e185437f29776887e5f8256/node_modules/vite/dist/node/chunks/node.js:3720:19)
2026-04-07 22:15:02  [Frontend]        at TransformPluginContext.transform (file:///E:/opencodeProject/novel-control-world/narrative_os/frontend/node_modules/.pnpm/vite@8.0.3_@emnapi+core@1.9_a45b345f0e185437f29776887e5f8256/node_modules/vite/dist/node/chunks/node.js:3788:26)
2026-04-07 22:15:02  [Frontend]        at EnvironmentPluginContainer.transform (file:///E:/opencodeProject/novel-control-world/narrative_os/frontend/node_modules/.pnpm/vite@8.0.3_@emnapi+core@1.9_a45b345f0e185437f29776887e5f8256/node_modules/vite/dist/node/chunks/node.js:30048:51)
2026-04-07 22:15:02  [Frontend]        at async loadAndTransform (file:///E:/opencodeProject/novel-control-world/narrative_os/frontend/node_modules/.pnpm/vite@8.0.3_@emnapi+core@1.9_a45b345f0e185437f29776887e5f8256/node_modules/vite/dist/node/chunks/node.js:24177:26)
2026-04-07 22:15:02  [Frontend]  [2m22:15:02[22m [31m[1m[vite][22m[39m [31m[2m(client)[22m[39m Pre-transform error: Transform failed with 1 error:
2026-04-07 22:15:02  [Frontend]  
2026-04-07 22:15:02  [Frontend]  [31m[PARSE_ERROR] Error:[0m Unexpected token
2026-04-07 22:15:02  [Frontend]      [38;5;246m╭[0m[38;5;246m─[0m[38;5;246m[[0m src/router/index.ts:40:5 [38;5;246m][0m
2026-04-07 22:15:02  [Frontend]      [38;5;246m│[0m
2026-04-07 22:15:02  [Frontend]   [38;5;246m40 │[0m [38;5;249m [0m[38;5;249m [0m[38;5;249m [0m[38;5;249m [0m{
2026-04-07 22:15:02  [Frontend]   [38;5;240m   │[0m     ┬
2026-04-07 22:15:02  [Frontend]   [38;5;240m   │[0m     ╰──
2026-04-07 22:15:02  [Frontend]  [38;5;246m────╯[0m
2026-04-07 22:15:02  [Frontend]  
2026-04-07 22:15:02  [Frontend]    Plugin: [35mvite:oxc[39m
2026-04-07 22:15:02  [Frontend]    File: [36mE:/opencodeProject/novel-control-world/narrative_os/frontend/src/router/index.ts[39m
2026-04-07 22:15:02  [Frontend]  [2m22:15:02[22m [31m[1m[vite][22m[39m [31m[2m(client)[22m[39m Pre-transform error: E:/opencodeProject/novel-control-world/narrative_os/frontend/src/components/layout/Sidebar.vue:3:3: Unknown word ArrowLeft,
2026-04-07 22:15:02  [Frontend]    Plugin: [35mvite:vue[39m
2026-04-07 22:15:02  [Frontend]    File: [36mE:/opencodeProject/novel-control-world/narrative_os/frontend/src/components/layout/Sidebar.vue[39m:177:3
2026-04-07 22:15:02  [Frontend]  [33m  175 |  import {
2026-04-07 22:15:02  [Frontend]    176 |    ArrowLeft,
2026-04-07 22:15:02  [Frontend]    177 |    Checked,
2026-04-07 22:15:02  [Frontend]        |     ^
2026-04-07 22:15:02  [Frontend]    178 |    Coin,
2026-04-07 22:15:02  [Frontend]    179 |    Connection,[39m
2026-04-07 22:15:21  [Frontend]  [2m22:15:21[22m [31m[1m[vite][22m[39m [31mInternal server error: E:/opencodeProject/novel-control-world/narrative_os/frontend/src/components/layout/Sidebar.vue:3:3: Unknown word ArrowLeft,[39m
2026-04-07 22:15:21  [Frontend]    Plugin: [35mvite:vue[39m
2026-04-07 22:15:21  [Frontend]    File: [36mE:/opencodeProject/novel-control-world/narrative_os/frontend/src/components/layout/Sidebar.vue[39m:177:3
2026-04-07 22:15:21  [Frontend]  [33m  175 |  import {
2026-04-07 22:15:21  [Frontend]    176 |    ArrowLeft,
2026-04-07 22:15:21  [Frontend]    177 |    Checked,
2026-04-07 22:15:21  [Frontend]        |     ^
2026-04-07 22:15:21  [Frontend]    178 |    Coin,
2026-04-07 22:15:21  [Frontend]    179 |    Connection,[39m
2026-04-07 22:15:21  [Frontend]        at Input.error (E:\opencodeProject\novel-control-world\narrative_os\frontend\node_modules\.pnpm\postcss@8.5.8\node_modules\postcss\lib\input.js:135:16)
2026-04-07 22:15:21  [Frontend]        at Parser.unknownWord (E:\opencodeProject\novel-control-world\narrative_os\frontend\node_modules\.pnpm\postcss@8.5.8\node_modules\postcss\lib\parser.js:595:22)
2026-04-07 22:15:21  [Frontend]        at Parser.other (E:\opencodeProject\novel-control-world\narrative_os\frontend\node_modules\.pnpm\postcss@8.5.8\node_modules\postcss\lib\parser.js:437:12)
2026-04-07 22:15:21  [Frontend]        at Parser.parse (E:\opencodeProject\novel-control-world\narrative_os\frontend\node_modules\.pnpm\postcss@8.5.8\node_modules\postcss\lib\parser.js:472:16)
2026-04-07 22:15:21  [Frontend]        at parse (E:\opencodeProject\novel-control-world\narrative_os\frontend\node_modules\.pnpm\postcss@8.5.8\node_modules\postcss\lib\parse.js:11:12)
2026-04-07 22:15:21  [Frontend]        at new LazyResult (E:\opencodeProject\novel-control-world\narrative_os\frontend\node_modules\.pnpm\postcss@8.5.8\node_modules\postcss\lib\lazy-result.js:165:16)
2026-04-07 22:15:21  [Frontend]        at Processor.process (E:\opencodeProject\novel-control-world\narrative_os\frontend\node_modules\.pnpm\postcss@8.5.8\node_modules\postcss\lib\processor.js:53:14)
2026-04-07 22:15:21  [Frontend]        at doCompileStyle (E:\opencodeProject\novel-control-world\narrative_os\frontend\node_modules\.pnpm\@vue+compiler-sfc@3.5.32\node_modules\@vue\compiler-sfc\dist\compiler-sfc.cjs.js:19581:36)
2026-04-07 22:15:21  [Frontend]        at Object.compileStyleAsync (E:\opencodeProject\novel-control-world\narrative_os\frontend\node_modules\.pnpm\@vue+compiler-sfc@3.5.32\node_modules\@vue\compiler-sfc\dist\compiler-sfc.cjs.js:19501:10)
2026-04-07 22:15:21  [Frontend]        at transformStyle (file:///E:/opencodeProject/novel-control-world/narrative_os/frontend/node_modules/.pnpm/@vitejs+plugin-vue@6.0.5_vi_8b5e4144519037328ed6a4c356a26c58/node_modules/@vitejs/plugin-vue/dist/index.mjs:1541:40)
2026-04-07 22:15:53  [Frontend]  [2m22:15:53[22m [36m[1m[vite][22m[39m [90m[2m(client)[22m[39m [32mpage reload [39m[2msrc/router/index.ts[22m
2026-04-07 22:15:53  [Frontend]  [2m22:15:53[22m [31m[1m[vite][22m[39m [31mInternal server error: E:/opencodeProject/novel-control-world/narrative_os/frontend/src/components/layout/Sidebar.vue:3:3: Unknown word ArrowLeft,[39m
2026-04-07 22:15:53  [Frontend]    Plugin: [35mvite:vue[39m
2026-04-07 22:15:53  [Frontend]    File: [36mE:/opencodeProject/novel-control-world/narrative_os/frontend/src/components/layout/Sidebar.vue[39m:177:3
2026-04-07 22:15:53  [Frontend]  [33m  175 |  import {
2026-04-07 22:15:53  [Frontend]    176 |    ArrowLeft,
2026-04-07 22:15:53  [Frontend]    177 |    Checked,
2026-04-07 22:15:53  [Frontend]        |     ^
2026-04-07 22:15:53  [Frontend]    178 |    Coin,
2026-04-07 22:15:53  [Frontend]    179 |    Connection,[39m
2026-04-07 22:15:53  [Frontend]        at Input.error (E:\opencodeProject\novel-control-world\narrative_os\frontend\node_modules\.pnpm\postcss@8.5.8\node_modules\postcss\lib\input.js:135:16)
2026-04-07 22:15:53  [Frontend]        at Parser.unknownWord (E:\opencodeProject\novel-control-world\narrative_os\frontend\node_modules\.pnpm\postcss@8.5.8\node_modules\postcss\lib\parser.js:595:22)
2026-04-07 22:15:53  [Frontend]        at Parser.other (E:\opencodeProject\novel-control-world\narrative_os\frontend\node_modules\.pnpm\postcss@8.5.8\node_modules\postcss\lib\parser.js:437:12)
2026-04-07 22:15:53  [Frontend]        at Parser.parse (E:\opencodeProject\novel-control-world\narrative_os\frontend\node_modules\.pnpm\postcss@8.5.8\node_modules\postcss\lib\parser.js:472:16)
2026-04-07 22:15:53  [Frontend]        at parse (E:\opencodeProject\novel-control-world\narrative_os\frontend\node_modules\.pnpm\postcss@8.5.8\node_modules\postcss\lib\parse.js:11:12)
2026-04-07 22:15:53  [Frontend]        at new LazyResult (E:\opencodeProject\novel-control-world\narrative_os\frontend\node_modules\.pnpm\postcss@8.5.8\node_modules\postcss\lib\lazy-result.js:165:16)
2026-04-07 22:15:53  [Frontend]        at Processor.process (E:\opencodeProject\novel-control-world\narrative_os\frontend\node_modules\.pnpm\postcss@8.5.8\node_modules\postcss\lib\processor.js:53:14)
2026-04-07 22:15:53  [Frontend]        at doCompileStyle (E:\opencodeProject\novel-control-world\narrative_os\frontend\node_modules\.pnpm\@vue+compiler-sfc@3.5.32\node_modules\@vue\compiler-sfc\dist\compiler-sfc.cjs.js:19581:36)
2026-04-07 22:15:53  [Frontend]        at Object.compileStyleAsync (E:\opencodeProject\novel-control-world\narrative_os\frontend\node_modules\.pnpm\@vue+compiler-sfc@3.5.32\node_modules\@vue\compiler-sfc\dist\compiler-sfc.cjs.js:19501:10)
2026-04-07 22:15:53  [Frontend]        at transformStyle (file:///E:/opencodeProject/novel-control-world/narrative_os/frontend/node_modules/.pnpm/@vitejs+plugin-vue@6.0.5_vi_8b5e4144519037328ed6a4c356a26c58/node_modules/@vitejs/plugin-vue/dist/index.mjs:1541:40)
2026-04-07 22:16:23  [Frontend]  [2m22:16:23[22m [36m[1m[vite][22m[39m [90m[2m(client)[22m[39m [32mhmr update [39m[2m/src/components/layout/Sidebar.vue[22m
2026-04-07 22:16:23  [Frontend]  [2m22:16:23[22m [31m[1m[vite][22m[39m [31m[2m(client)[22m[39m Pre-transform error: E:/opencodeProject/novel-control-world/narrative_os/frontend/src/components/layout/Sidebar.vue:3:3: Unknown word ArrowLeft,
2026-04-07 22:16:23  [Frontend]    Plugin: [35mvite:vue[39m
2026-04-07 22:16:23  [Frontend]    File: [36mE:/opencodeProject/novel-control-world/narrative_os/frontend/src/components/layout/Sidebar.vue[39m:178:3
2026-04-07 22:16:23  [Frontend]  [33m  176 |  import {
2026-04-07 22:16:23  [Frontend]    177 |    ArrowLeft,
2026-04-07 22:16:23  [Frontend]    178 |    Checked,
2026-04-07 22:16:23  [Frontend]        |     ^
2026-04-07 22:16:23  [Frontend]    179 |    Coin,
2026-04-07 22:16:23  [Frontend]    180 |    Connection,[39m
2026-04-07 22:16:23  [Frontend]  [2m22:16:23[22m [31m[1m[vite][22m[39m [31mInternal server error: E:/opencodeProject/novel-control-world/narrative_os/frontend/src/components/layout/Sidebar.vue:3:3: Unknown word ArrowLeft,[39m
2026-04-07 22:16:23  [Frontend]    Plugin: [35mvite:vue[39m
2026-04-07 22:16:23  [Frontend]    File: [36mE:/opencodeProject/novel-control-world/narrative_os/frontend/src/components/layout/Sidebar.vue[39m:178:3
2026-04-07 22:16:23  [Frontend]  [33m  176 |  import {
2026-04-07 22:16:23  [Frontend]    177 |    ArrowLeft,
2026-04-07 22:16:23  [Frontend]    178 |    Checked,
2026-04-07 22:16:23  [Frontend]        |     ^
2026-04-07 22:16:23  [Frontend]    179 |    Coin,
2026-04-07 22:16:23  [Frontend]    180 |    Connection,[39m
2026-04-07 22:16:23  [Frontend]        at Input.error (E:\opencodeProject\novel-control-world\narrative_os\frontend\node_modules\.pnpm\postcss@8.5.8\node_modules\postcss\lib\input.js:135:16)
2026-04-07 22:16:23  [Frontend]        at Parser.unknownWord (E:\opencodeProject\novel-control-world\narrative_os\frontend\node_modules\.pnpm\postcss@8.5.8\node_modules\postcss\lib\parser.js:595:22)
2026-04-07 22:16:23  [Frontend]        at Parser.other (E:\opencodeProject\novel-control-world\narrative_os\frontend\node_modules\.pnpm\postcss@8.5.8\node_modules\postcss\lib\parser.js:437:12)
2026-04-07 22:16:23  [Frontend]        at Parser.parse (E:\opencodeProject\novel-control-world\narrative_os\frontend\node_modules\.pnpm\postcss@8.5.8\node_modules\postcss\lib\parser.js:472:16)
2026-04-07 22:16:23  [Frontend]        at parse (E:\opencodeProject\novel-control-world\narrative_os\frontend\node_modules\.pnpm\postcss@8.5.8\node_modules\postcss\lib\parse.js:11:12)
2026-04-07 22:16:23  [Frontend]        at new LazyResult (E:\opencodeProject\novel-control-world\narrative_os\frontend\node_modules\.pnpm\postcss@8.5.8\node_modules\postcss\lib\lazy-result.js:165:16)
2026-04-07 22:16:23  [Frontend]        at Processor.process (E:\opencodeProject\novel-control-world\narrative_os\frontend\node_modules\.pnpm\postcss@8.5.8\node_modules\postcss\lib\processor.js:53:14)
2026-04-07 22:16:23  [Frontend]        at doCompileStyle (E:\opencodeProject\novel-control-world\narrative_os\frontend\node_modules\.pnpm\@vue+compiler-sfc@3.5.32\node_modules\@vue\compiler-sfc\dist\compiler-sfc.cjs.js:19581:36)
2026-04-07 22:16:23  [Frontend]        at Object.compileStyleAsync (E:\opencodeProject\novel-control-world\narrative_os\frontend\node_modules\.pnpm\@vue+compiler-sfc@3.5.32\node_modules\@vue\compiler-sfc\dist\compiler-sfc.cjs.js:19501:10)
2026-04-07 22:16:23  [Frontend]        at transformStyle (file:///E:/opencodeProject/novel-control-world/narrative_os/frontend/node_modules/.pnpm/@vitejs+plugin-vue@6.0.5_vi_8b5e4144519037328ed6a4c356a26c58/node_modules/@vitejs/plugin-vue/dist/index.mjs:1541:40)
2026-04-07 22:16:42  [Frontend]  [2m22:16:42[22m [36m[1m[vite][22m[39m [90m[2m(client)[22m[39m [32mhmr update [39m[2m/src/components/layout/Sidebar.vue[22m
2026-04-07 22:16:42  [Frontend]  [2m22:16:42[22m [31m[1m[vite][22m[39m [31m[2m(client)[22m[39m Pre-transform error: E:/opencodeProject/novel-control-world/narrative_os/frontend/src/components/layout/Sidebar.vue:3:3: Unknown word ArrowLeft,
2026-04-07 22:16:42  [Frontend]    Plugin: [35mvite:vue[39m
2026-04-07 22:16:42  [Frontend]    File: [36mE:/opencodeProject/novel-control-world/narrative_os/frontend/src/components/layout/Sidebar.vue[39m:178:3
2026-04-07 22:16:42  [Frontend]  [33m  176 |  import {
2026-04-07 22:16:42  [Frontend]    177 |    ArrowLeft,
2026-04-07 22:16:42  [Frontend]    178 |    Checked,
2026-04-07 22:16:42  [Frontend]        |     ^
2026-04-07 22:16:42  [Frontend]    179 |    Coin,
2026-04-07 22:16:42  [Frontend]    180 |    Connection,[39m
2026-04-07 22:16:42  [Frontend]  [2m22:16:42[22m [31m[1m[vite][22m[39m [31mInternal server error: E:/opencodeProject/novel-control-world/narrative_os/frontend/src/components/layout/Sidebar.vue:3:3: Unknown word ArrowLeft,[39m
2026-04-07 22:16:42  [Frontend]    Plugin: [35mvite:vue[39m
2026-04-07 22:16:42  [Frontend]    File: [36mE:/opencodeProject/novel-control-world/narrative_os/frontend/src/components/layout/Sidebar.vue[39m:178:3
2026-04-07 22:16:42  [Frontend]  [33m  176 |  import {
2026-04-07 22:16:42  [Frontend]    177 |    ArrowLeft,
2026-04-07 22:16:42  [Frontend]    178 |    Checked,
2026-04-07 22:16:42  [Frontend]        |     ^
2026-04-07 22:16:42  [Frontend]    179 |    Coin,
2026-04-07 22:16:42  [Frontend]    180 |    Connection,[39m
2026-04-07 22:16:42  [Frontend]        at Input.error (E:\opencodeProject\novel-control-world\narrative_os\frontend\node_modules\.pnpm\postcss@8.5.8\node_modules\postcss\lib\input.js:135:16)
2026-04-07 22:16:42  [Frontend]        at Parser.unknownWord (E:\opencodeProject\novel-control-world\narrative_os\frontend\node_modules\.pnpm\postcss@8.5.8\node_modules\postcss\lib\parser.js:595:22)
2026-04-07 22:16:42  [Frontend]        at Parser.other (E:\opencodeProject\novel-control-world\narrative_os\frontend\node_modules\.pnpm\postcss@8.5.8\node_modules\postcss\lib\parser.js:437:12)
2026-04-07 22:16:42  [Frontend]        at Parser.parse (E:\opencodeProject\novel-control-world\narrative_os\frontend\node_modules\.pnpm\postcss@8.5.8\node_modules\postcss\lib\parser.js:472:16)
2026-04-07 22:16:42  [Frontend]        at parse (E:\opencodeProject\novel-control-world\narrative_os\frontend\node_modules\.pnpm\postcss@8.5.8\node_modules\postcss\lib\parse.js:11:12)
2026-04-07 22:16:42  [Frontend]        at new LazyResult (E:\opencodeProject\novel-control-world\narrative_os\frontend\node_modules\.pnpm\postcss@8.5.8\node_modules\postcss\lib\lazy-result.js:165:16)
2026-04-07 22:16:42  [Frontend]        at Processor.process (E:\opencodeProject\novel-control-world\narrative_os\frontend\node_modules\.pnpm\postcss@8.5.8\node_modules\postcss\lib\processor.js:53:14)
2026-04-07 22:16:42  [Frontend]        at doCompileStyle (E:\opencodeProject\novel-control-world\narrative_os\frontend\node_modules\.pnpm\@vue+compiler-sfc@3.5.32\node_modules\@vue\compiler-sfc\dist\compiler-sfc.cjs.js:19581:36)
2026-04-07 22:16:42  [Frontend]        at Object.compileStyleAsync (E:\opencodeProject\novel-control-world\narrative_os\frontend\node_modules\.pnpm\@vue+compiler-sfc@3.5.32\node_modules\@vue\compiler-sfc\dist\compiler-sfc.cjs.js:19501:10)
2026-04-07 22:16:42  [Frontend]        at transformStyle (file:///E:/opencodeProject/novel-control-world/narrative_os/frontend/node_modules/.pnpm/@vitejs+plugin-vue@6.0.5_vi_8b5e4144519037328ed6a4c356a26c58/node_modules/@vitejs/plugin-vue/dist/index.mjs:1541:40)
