2026-04-11 16:25:07  [Frontend]  
2026-04-11 16:25:07  [Frontend]  > frontend@0.0.0 dev E:\opencodeProject\novel-control-world\narrative_os\frontend
2026-04-11 16:25:07  [Frontend]  > vite "--port" "5173"
2026-04-11 16:25:07  [Frontend]  
2026-04-11 16:25:08  [Frontend]  
2026-04-11 16:25:08  [Frontend]    [32m[1mVITE[22m v8.0.3[39m  [2mready in [0m[1m1024[22m[2m[0m ms[22m
2026-04-11 16:25:08  [Frontend]  
2026-04-11 16:25:08  [Frontend]    [32m➜[39m  [1mLocal[22m:   [36mhttp://localhost:[1m5173[22m/[39m
2026-04-11 16:25:08  [Frontend]  [2m  [32m➜[39m  [1mNetwork[22m[2m: use [22m[1m--host[22m[2m to expose[22m
2026-04-11 16:25:08  [Frontend]  [2m[32m  ➜[39m[22m[2m  press [22m[1mh + enter[22m[2m to show help[22m
2026-04-11 16:30:02  [Frontend]  [2m16:30:02[22m [36m[1m[vite][22m[39m [90m[2m(client)[22m[39m [32mhmr update [39m[2m/src/pages/MetricsDashboard/index.vue, /src/pages/MetricsDashboard/index.vue?vue&type=style&index=0&scoped=5d0b1e8c&lang.css[22m
2026-04-11 16:30:25  [Frontend]  [2m16:30:25[22m [36m[1m[vite][22m[39m [90m[2m(client)[22m[39m [32mhmr update [39m[2m/src/pages/AgentWorkshop/index.vue, /src/pages/AgentWorkshop/index.vue?vue&type=style&index=0&scoped=a009101d&lang.css[22m
2026-04-11 16:30:38  [Frontend]  [2m16:30:38[22m [36m[1m[vite][22m[39m [90m[2m(client)[22m[39m [32mhmr update [39m[2m/src/pages/CharacterMatrix/components/DriveTab.vue[22m
2026-04-11 16:30:52  [Frontend]  [2m16:30:52[22m [36m[1m[vite][22m[39m [90m[2m(client)[22m[39m [32mhmr update [39m[2m/src/pages/CharacterMatrix/components/SocialMatrixTab.vue, /src/pages/CharacterMatrix/components/SocialMatrixTab.vue?vue&type=style&index=0&scoped=fa9d70e3&lang.css[22m
2026-04-11 16:31:11  [Frontend]  [2m16:31:11[22m [36m[1m[vite][22m[39m [90m[2m(client)[22m[39m [32mhmr update [39m[2m/src/pages/CharacterMatrix/components/DriveTab.vue[22m
2026-04-11 17:25:01  [Frontend]  [2m17:25:01[22m [36m[1m[vite][22m[39m [90m[2m(client)[22m[39m [32mpage reload [39m[2msrc/router/index.ts[22m
2026-04-11 17:25:01  [Frontend]  [2m17:25:01[22m [31m[1m[vite][22m[39m [31mInternal server error: Failed to resolve import "@/pages/MemorySearch/index.vue" from "src/router/index.ts". Does the file exist?[39m
2026-04-11 17:25:01  [Frontend]    Plugin: [35mvite:import-analysis[39m
2026-04-11 17:25:01  [Frontend]    File: [36mE:/opencodeProject/novel-control-world/narrative_os/frontend/src/router/index.ts[39m:73:28
2026-04-11 17:25:01  [Frontend]  [33m  98  |  	{
2026-04-11 17:25:01  [Frontend]    99  |  		path: "/project/:id/memory-search",
2026-04-11 17:25:01  [Frontend]    100 |  		component: () => import("@/pages/MemorySearch/index.vue"),
2026-04-11 17:25:01  [Frontend]        |                            ^
2026-04-11 17:25:01  [Frontend]    101 |  		meta: {
2026-04-11 17:25:01  [Frontend]    102 |  			title: "记忆检索",[39m
2026-04-11 17:25:01  [Frontend]        at TransformPluginContext._formatLog (file:///E:/opencodeProject/novel-control-world/narrative_os/frontend/node_modules/.pnpm/vite@8.0.3_@emnapi+core@1.9_a45b345f0e185437f29776887e5f8256/node_modules/vite/dist/node/chunks/node.js:30259:39)
2026-04-11 17:25:01  [Frontend]        at TransformPluginContext.error (file:///E:/opencodeProject/novel-control-world/narrative_os/frontend/node_modules/.pnpm/vite@8.0.3_@emnapi+core@1.9_a45b345f0e185437f29776887e5f8256/node_modules/vite/dist/node/chunks/node.js:30256:14)
2026-04-11 17:25:01  [Frontend]        at normalizeUrl (file:///E:/opencodeProject/novel-control-world/narrative_os/frontend/node_modules/.pnpm/vite@8.0.3_@emnapi+core@1.9_a45b345f0e185437f29776887e5f8256/node_modules/vite/dist/node/chunks/node.js:27544:18)
2026-04-11 17:25:01  [Frontend]        at async file:///E:/opencodeProject/novel-control-world/narrative_os/frontend/node_modules/.pnpm/vite@8.0.3_@emnapi+core@1.9_a45b345f0e185437f29776887e5f8256/node_modules/vite/dist/node/chunks/node.js:27607:30
2026-04-11 17:25:01  [Frontend]        at async Promise.all (index 14)
2026-04-11 17:25:01  [Frontend]        at async TransformPluginContext.transform (file:///E:/opencodeProject/novel-control-world/narrative_os/frontend/node_modules/.pnpm/vite@8.0.3_@emnapi+core@1.9_a45b345f0e185437f29776887e5f8256/node_modules/vite/dist/node/chunks/node.js:27575:4)
2026-04-11 17:25:01  [Frontend]        at async EnvironmentPluginContainer.transform (file:///E:/opencodeProject/novel-control-world/narrative_os/frontend/node_modules/.pnpm/vite@8.0.3_@emnapi+core@1.9_a45b345f0e185437f29776887e5f8256/node_modules/vite/dist/node/chunks/node.js:30048:14)
2026-04-11 17:25:01  [Frontend]        at async loadAndTransform (file:///E:/opencodeProject/novel-control-world/narrative_os/frontend/node_modules/.pnpm/vite@8.0.3_@emnapi+core@1.9_a45b345f0e185437f29776887e5f8256/node_modules/vite/dist/node/chunks/node.js:24177:26)
2026-04-11 17:25:01  [Frontend]  [2m17:25:01[22m [31m[1m[vite][22m[39m [31m[2m(client)[22m[39m Pre-transform error: Failed to resolve import "@/pages/MemorySearch/index.vue" from "src/router/index.ts". Does the file exist?
2026-04-11 17:25:01  [Frontend]    Plugin: [35mvite:import-analysis[39m
2026-04-11 17:25:01  [Frontend]    File: [36mE:/opencodeProject/novel-control-world/narrative_os/frontend/src/router/index.ts[39m:73:28
2026-04-11 17:25:01  [Frontend]  [33m  98  |  	{
2026-04-11 17:25:01  [Frontend]    99  |  		path: "/project/:id/memory-search",
2026-04-11 17:25:01  [Frontend]    100 |  		component: () => import("@/pages/MemorySearch/index.vue"),
2026-04-11 17:25:01  [Frontend]        |                            ^
2026-04-11 17:25:01  [Frontend]    101 |  		meta: {
2026-04-11 17:25:01  [Frontend]    102 |  			title: "记忆检索",[39m
2026-04-11 17:25:06  [Frontend]  [2m17:25:06[22m [36m[1m[vite][22m[39m [90m[2m(client)[22m[39m [32mhmr update [39m[2m/src/components/layout/Sidebar.vue[22m
2026-04-11 17:25:06  [Frontend]  [2m17:25:06[22m [31m[1m[vite][22m[39m [31mInternal server error: Failed to resolve import "@/pages/MemorySearch/index.vue" from "src/router/index.ts". Does the file exist?[39m
2026-04-11 17:25:06  [Frontend]    Plugin: [35mvite:import-analysis[39m
2026-04-11 17:25:06  [Frontend]    File: [36mE:/opencodeProject/novel-control-world/narrative_os/frontend/src/router/index.ts[39m:73:28
2026-04-11 17:25:06  [Frontend]  [33m  98  |  	{
2026-04-11 17:25:06  [Frontend]    99  |  		path: "/project/:id/memory-search",
2026-04-11 17:25:06  [Frontend]    100 |  		component: () => import("@/pages/MemorySearch/index.vue"),
2026-04-11 17:25:06  [Frontend]        |                            ^
2026-04-11 17:25:06  [Frontend]    101 |  		meta: {
2026-04-11 17:25:06  [Frontend]    102 |  			title: "记忆检索",[39m
2026-04-11 17:25:06  [Frontend]        at TransformPluginContext._formatLog (file:///E:/opencodeProject/novel-control-world/narrative_os/frontend/node_modules/.pnpm/vite@8.0.3_@emnapi+core@1.9_a45b345f0e185437f29776887e5f8256/node_modules/vite/dist/node/chunks/node.js:30259:39)
2026-04-11 17:25:06  [Frontend]        at TransformPluginContext.error (file:///E:/opencodeProject/novel-control-world/narrative_os/frontend/node_modules/.pnpm/vite@8.0.3_@emnapi+core@1.9_a45b345f0e185437f29776887e5f8256/node_modules/vite/dist/node/chunks/node.js:30256:14)
2026-04-11 17:25:06  [Frontend]        at normalizeUrl (file:///E:/opencodeProject/novel-control-world/narrative_os/frontend/node_modules/.pnpm/vite@8.0.3_@emnapi+core@1.9_a45b345f0e185437f29776887e5f8256/node_modules/vite/dist/node/chunks/node.js:27544:18)
2026-04-11 17:25:06  [Frontend]        at async file:///E:/opencodeProject/novel-control-world/narrative_os/frontend/node_modules/.pnpm/vite@8.0.3_@emnapi+core@1.9_a45b345f0e185437f29776887e5f8256/node_modules/vite/dist/node/chunks/node.js:27607:30
2026-04-11 17:25:06  [Frontend]        at async Promise.all (index 14)
2026-04-11 17:25:06  [Frontend]        at async TransformPluginContext.transform (file:///E:/opencodeProject/novel-control-world/narrative_os/frontend/node_modules/.pnpm/vite@8.0.3_@emnapi+core@1.9_a45b345f0e185437f29776887e5f8256/node_modules/vite/dist/node/chunks/node.js:27575:4)
2026-04-11 17:25:06  [Frontend]        at async EnvironmentPluginContainer.transform (file:///E:/opencodeProject/novel-control-world/narrative_os/frontend/node_modules/.pnpm/vite@8.0.3_@emnapi+core@1.9_a45b345f0e185437f29776887e5f8256/node_modules/vite/dist/node/chunks/node.js:30048:14)
2026-04-11 17:25:06  [Frontend]        at async loadAndTransform (file:///E:/opencodeProject/novel-control-world/narrative_os/frontend/node_modules/.pnpm/vite@8.0.3_@emnapi+core@1.9_a45b345f0e185437f29776887e5f8256/node_modules/vite/dist/node/chunks/node.js:24177:26)
2026-04-11 17:25:06  [Frontend]  [2m17:25:06[22m [31m[1m[vite][22m[39m [31m[2m(client)[22m[39m Pre-transform error: Failed to resolve import "@/pages/MemorySearch/index.vue" from "src/router/index.ts". Does the file exist?
2026-04-11 17:25:06  [Frontend]    Plugin: [35mvite:import-analysis[39m
2026-04-11 17:25:06  [Frontend]    File: [36mE:/opencodeProject/novel-control-world/narrative_os/frontend/src/router/index.ts[39m:73:28
2026-04-11 17:25:06  [Frontend]  [33m  98  |  	{
2026-04-11 17:25:06  [Frontend]    99  |  		path: "/project/:id/memory-search",
2026-04-11 17:25:06  [Frontend]    100 |  		component: () => import("@/pages/MemorySearch/index.vue"),
2026-04-11 17:25:06  [Frontend]        |                            ^
2026-04-11 17:25:06  [Frontend]    101 |  		meta: {
2026-04-11 17:25:06  [Frontend]    102 |  			title: "记忆检索",[39m
2026-04-11 17:25:09  [Frontend]  [2m17:25:09[22m [36m[1m[vite][22m[39m [90m[2m(client)[22m[39m [32mhmr update [39m[2m/src/components/TraceInspector.vue[22m
2026-04-11 17:25:09  [Frontend]  [2m17:25:09[22m [31m[1m[vite][22m[39m [31m[2m(client)[22m[39m Pre-transform error: Failed to resolve import "@/pages/MemorySearch/index.vue" from "src/router/index.ts". Does the file exist?
2026-04-11 17:25:09  [Frontend]    Plugin: [35mvite:import-analysis[39m
2026-04-11 17:25:09  [Frontend]    File: [36mE:/opencodeProject/novel-control-world/narrative_os/frontend/src/router/index.ts[39m:73:28
2026-04-11 17:25:09  [Frontend]  [33m  98  |  	{
2026-04-11 17:25:09  [Frontend]    99  |  		path: "/project/:id/memory-search",
2026-04-11 17:25:09  [Frontend]    100 |  		component: () => import("@/pages/MemorySearch/index.vue"),
2026-04-11 17:25:09  [Frontend]        |                            ^
2026-04-11 17:25:09  [Frontend]    101 |  		meta: {
2026-04-11 17:25:09  [Frontend]    102 |  			title: "记忆检索",[39m
2026-04-11 17:25:09  [Frontend]  [2m17:25:09[22m [31m[1m[vite][22m[39m [31mInternal server error: Failed to resolve import "@/pages/MemorySearch/index.vue" from "src/router/index.ts". Does the file exist?[39m
2026-04-11 17:25:09  [Frontend]    Plugin: [35mvite:import-analysis[39m
2026-04-11 17:25:09  [Frontend]    File: [36mE:/opencodeProject/novel-control-world/narrative_os/frontend/src/router/index.ts[39m:73:28
2026-04-11 17:25:09  [Frontend]  [33m  98  |  	{
2026-04-11 17:25:09  [Frontend]    99  |  		path: "/project/:id/memory-search",
2026-04-11 17:25:09  [Frontend]    100 |  		component: () => import("@/pages/MemorySearch/index.vue"),
2026-04-11 17:25:09  [Frontend]        |                            ^
2026-04-11 17:25:09  [Frontend]    101 |  		meta: {
2026-04-11 17:25:09  [Frontend]    102 |  			title: "记忆检索",[39m
2026-04-11 17:25:09  [Frontend]        at TransformPluginContext._formatLog (file:///E:/opencodeProject/novel-control-world/narrative_os/frontend/node_modules/.pnpm/vite@8.0.3_@emnapi+core@1.9_a45b345f0e185437f29776887e5f8256/node_modules/vite/dist/node/chunks/node.js:30259:39)
2026-04-11 17:25:09  [Frontend]        at TransformPluginContext.error (file:///E:/opencodeProject/novel-control-world/narrative_os/frontend/node_modules/.pnpm/vite@8.0.3_@emnapi+core@1.9_a45b345f0e185437f29776887e5f8256/node_modules/vite/dist/node/chunks/node.js:30256:14)
2026-04-11 17:25:09  [Frontend]        at normalizeUrl (file:///E:/opencodeProject/novel-control-world/narrative_os/frontend/node_modules/.pnpm/vite@8.0.3_@emnapi+core@1.9_a45b345f0e185437f29776887e5f8256/node_modules/vite/dist/node/chunks/node.js:27544:18)
2026-04-11 17:25:09  [Frontend]        at async file:///E:/opencodeProject/novel-control-world/narrative_os/frontend/node_modules/.pnpm/vite@8.0.3_@emnapi+core@1.9_a45b345f0e185437f29776887e5f8256/node_modules/vite/dist/node/chunks/node.js:27607:30
2026-04-11 17:25:09  [Frontend]        at async Promise.all (index 14)
2026-04-11 17:25:09  [Frontend]        at async TransformPluginContext.transform (file:///E:/opencodeProject/novel-control-world/narrative_os/frontend/node_modules/.pnpm/vite@8.0.3_@emnapi+core@1.9_a45b345f0e185437f29776887e5f8256/node_modules/vite/dist/node/chunks/node.js:27575:4)
2026-04-11 17:25:09  [Frontend]        at async EnvironmentPluginContainer.transform (file:///E:/opencodeProject/novel-control-world/narrative_os/frontend/node_modules/.pnpm/vite@8.0.3_@emnapi+core@1.9_a45b345f0e185437f29776887e5f8256/node_modules/vite/dist/node/chunks/node.js:30048:14)
2026-04-11 17:25:09  [Frontend]        at async loadAndTransform (file:///E:/opencodeProject/novel-control-world/narrative_os/frontend/node_modules/.pnpm/vite@8.0.3_@emnapi+core@1.9_a45b345f0e185437f29776887e5f8256/node_modules/vite/dist/node/chunks/node.js:24177:26)
2026-04-11 17:25:09  [Frontend]        at async viteTransformMiddleware (file:///E:/opencodeProject/novel-control-world/narrative_os/frontend/node_modules/.pnpm/vite@8.0.3_@emnapi+core@1.9_a45b345f0e185437f29776887e5f8256/node_modules/vite/dist/node/chunks/node.js:24986:20)
2026-04-11 17:25:19  [Frontend]  [2m17:25:19[22m [36m[1m[vite][22m[39m [90m[2m(client)[22m[39m [32mpage reload [39m[2msrc/pages/TraceInspectorPage/index.vue[22m
2026-04-11 17:25:20  [Frontend]  [2m17:25:20[22m [31m[1m[vite][22m[39m [31mInternal server error: Failed to resolve import "@/pages/MemorySearch/index.vue" from "src/router/index.ts". Does the file exist?[39m
2026-04-11 17:25:20  [Frontend]    Plugin: [35mvite:import-analysis[39m
2026-04-11 17:25:20  [Frontend]    File: [36mE:/opencodeProject/novel-control-world/narrative_os/frontend/src/router/index.ts[39m:73:28
2026-04-11 17:25:20  [Frontend]  [33m  98  |  	{
2026-04-11 17:25:20  [Frontend]    99  |  		path: "/project/:id/memory-search",
2026-04-11 17:25:20  [Frontend]    100 |  		component: () => import("@/pages/MemorySearch/index.vue"),
2026-04-11 17:25:20  [Frontend]        |                            ^
2026-04-11 17:25:20  [Frontend]    101 |  		meta: {
2026-04-11 17:25:20  [Frontend]    102 |  			title: "记忆检索",[39m
2026-04-11 17:25:20  [Frontend]        at TransformPluginContext._formatLog (file:///E:/opencodeProject/novel-control-world/narrative_os/frontend/node_modules/.pnpm/vite@8.0.3_@emnapi+core@1.9_a45b345f0e185437f29776887e5f8256/node_modules/vite/dist/node/chunks/node.js:30259:39)
2026-04-11 17:25:20  [Frontend]        at TransformPluginContext.error (file:///E:/opencodeProject/novel-control-world/narrative_os/frontend/node_modules/.pnpm/vite@8.0.3_@emnapi+core@1.9_a45b345f0e185437f29776887e5f8256/node_modules/vite/dist/node/chunks/node.js:30256:14)
2026-04-11 17:25:20  [Frontend]        at normalizeUrl (file:///E:/opencodeProject/novel-control-world/narrative_os/frontend/node_modules/.pnpm/vite@8.0.3_@emnapi+core@1.9_a45b345f0e185437f29776887e5f8256/node_modules/vite/dist/node/chunks/node.js:27544:18)
2026-04-11 17:25:20  [Frontend]        at async file:///E:/opencodeProject/novel-control-world/narrative_os/frontend/node_modules/.pnpm/vite@8.0.3_@emnapi+core@1.9_a45b345f0e185437f29776887e5f8256/node_modules/vite/dist/node/chunks/node.js:27607:30
2026-04-11 17:25:20  [Frontend]        at async Promise.all (index 14)
2026-04-11 17:25:20  [Frontend]        at async TransformPluginContext.transform (file:///E:/opencodeProject/novel-control-world/narrative_os/frontend/node_modules/.pnpm/vite@8.0.3_@emnapi+core@1.9_a45b345f0e185437f29776887e5f8256/node_modules/vite/dist/node/chunks/node.js:27575:4)
2026-04-11 17:25:20  [Frontend]        at async EnvironmentPluginContainer.transform (file:///E:/opencodeProject/novel-control-world/narrative_os/frontend/node_modules/.pnpm/vite@8.0.3_@emnapi+core@1.9_a45b345f0e185437f29776887e5f8256/node_modules/vite/dist/node/chunks/node.js:30048:14)
2026-04-11 17:25:20  [Frontend]        at async loadAndTransform (file:///E:/opencodeProject/novel-control-world/narrative_os/frontend/node_modules/.pnpm/vite@8.0.3_@emnapi+core@1.9_a45b345f0e185437f29776887e5f8256/node_modules/vite/dist/node/chunks/node.js:24177:26)
2026-04-11 17:25:20  [Frontend]  [2m17:25:20[22m [31m[1m[vite][22m[39m [31m[2m(client)[22m[39m Pre-transform error: Failed to resolve import "@/pages/MemorySearch/index.vue" from "src/router/index.ts". Does the file exist?
2026-04-11 17:25:20  [Frontend]    Plugin: [35mvite:import-analysis[39m
2026-04-11 17:25:20  [Frontend]    File: [36mE:/opencodeProject/novel-control-world/narrative_os/frontend/src/router/index.ts[39m:73:28
2026-04-11 17:25:20  [Frontend]  [33m  98  |  	{
2026-04-11 17:25:20  [Frontend]    99  |  		path: "/project/:id/memory-search",
2026-04-11 17:25:20  [Frontend]    100 |  		component: () => import("@/pages/MemorySearch/index.vue"),
2026-04-11 17:25:20  [Frontend]        |                            ^
2026-04-11 17:25:20  [Frontend]    101 |  		meta: {
2026-04-11 17:25:20  [Frontend]    102 |  			title: "记忆检索",[39m
2026-04-11 17:25:35  [Frontend]  [2m17:25:35[22m [36m[1m[vite][22m[39m [90m[2m(client)[22m[39m [32mpage reload [39m[2msrc/pages/MemorySearch/index.vue[22m
2026-04-11 17:26:44  [Frontend]  [2m17:26:44[22m [36m[1m[vite][22m[39m [90m[2m(client)[22m[39m [32mpage reload [39m[2msrc/router/index.ts[22m
